<?xml version="1.0" encoding="UTF-8"?>
<!-- Generated by org.testng.reporters.JUnitReportReporter -->
<testsuite skipped="0" hostname="Vincents-MacBook-Pro.local" name="example.NewTest" tests="1" failures="0" timestamp="01 May 2019 22:19:13 GMT" time="2.055" errors="0">
  <testcase name="firstTest" time="2.055" classname="example.NewTest"/>
</testsuite> <!-- example.NewTest -->
