<?xml version="1.0" encoding="UTF-8"?>
<!-- Generated by org.testng.reporters.JUnitReportReporter -->
<testsuite hostname="C1100566" name="mpAccount.mpAccountRunner" tests="1" failures="0" timestamp="24 Apr 2019 15:33:21 GMT" time="66.911" errors="0">
  <testcase name="mpAccount_creation" time="66.911" classname="mpAccount.mpAccountRunner"/>
</testsuite> <!-- mpAccount.mpAccountRunner -->
