<?xml version="1.0" encoding="UTF-8"?>
<!-- Generated by org.testng.reporters.JUnitReportReporter -->
<testsuite skipped="0" hostname="Vincents-MBP.fios-router.home" name="gov.nih.k9dc.NewTest" tests="1" failures="0" timestamp="12 Aug 2019 19:09:19 GMT" time="0.563" errors="0">
  <testcase name="f" time="0.563" classname="gov.nih.k9dc.NewTest"/>
</testsuite> <!-- gov.nih.k9dc.NewTest -->
