<?xml version="1.0" encoding="UTF-8"?>
<!-- Generated by org.testng.reporters.JUnitReportReporter -->
<testsuite hostname="C1100566" name="mpAccount.mpAccountRunner" tests="1" failures="0" timestamp="23 Apr 2019 16:39:29 GMT" time="54.163" errors="0">
  <testcase name="mpAccount_creation" time="54.163" classname="mpAccount.mpAccountRunner"/>
</testsuite> <!-- mpAccount.mpAccountRunner -->
